 evtool: 2.29.2.3 eSASS4DR1 Feb 16 11:30:24 2024
 evtool/evtool_main: memset==.false., so memory setting for large files is used.
 evtool/evtool_main: Merging headers.
 evtool/evtool_main: Update filter settings.
 evtool/evtool_main: Merging extensions.
 evtool/merge_extensions: Merging 1 files.
 evtool/merge_extensions: Infiles will be read 1 extension at a time.
 evtool/evtool_main: Applying filters.
 evtool/apply_gti_tExtension: **WARNING1** Zero rows in BADPIX1 - can't apply GTIs.
 evtool/apply_gti_tExtension: **WARNING1** Zero rows in BADPIX3 - can't apply GTIs.
 evtool/apply_gti_tExtension: **WARNING1** Zero rows in BADPIX5 - can't apply GTIs.
 evtool/apply_filter_tEventFile: Creating image.
 evtool/create_from_events_tImage2D_i4: **WARNING1** 45627 out of 231054 possible events fall outside the image bounds.
 evtool/evtool_main: Create outfile.
 evtool/evtool_main: Writing outfile.
 evtool/evtool_main: Close outfile
 evtool/evtool_main:       2.78 s CPU run time.
 evtool: DONE
 evtool: 2.29.2.3 eSASS4DR1 Feb 16 11:30:24 2024
 evtool/evtool_main: memset==.false., so memory setting for large files is used.
 evtool/evtool_main: Merging headers.
 evtool/evtool_main: Update filter settings.
 evtool/evtool_main: Merging extensions.
 evtool/merge_extensions: Merging 1 files.
 evtool/merge_extensions: Infiles will be read 1 extension at a time.
 evtool/evtool_main: Applying filters.
 evtool/apply_gti_tExtension: **WARNING1** Zero rows in BADPIX1 - can't apply GTIs.
 evtool/apply_gti_tExtension: **WARNING1** Zero rows in BADPIX3 - can't apply GTIs.
 evtool/apply_gti_tExtension: **WARNING1** Zero rows in BADPIX5 - can't apply GTIs.
 evtool/apply_filter_tEventFile: Creating image.
 evtool/create_from_events_tImage2D_i4: **WARNING1** 114734 out of 182137 possible events fall outside the image bounds.
 evtool/evtool_main: Create outfile.
 evtool/evtool_main: Writing outfile.
 evtool/evtool_main: Close outfile
 evtool/evtool_main:       2.32 s CPU run time.
 evtool: DONE
 evtool: 2.29.2.3 eSASS4DR1 Feb 16 11:30:24 2024
 evtool/evtool_main: memset==.false., so memory setting for large files is used.
 evtool/evtool_main: Merging headers.
 evtool/evtool_main: Update filter settings.
 evtool/evtool_main: Merging extensions.
 evtool/merge_extensions: Merging 1 files.
 evtool/merge_extensions: Infiles will be read 1 extension at a time.
 evtool/evtool_main: Applying filters.
 evtool/apply_gti_tExtension: **WARNING1** Zero rows in BADPIX1 - can't apply GTIs.
 evtool/apply_gti_tExtension: **WARNING1** Zero rows in BADPIX3 - can't apply GTIs.
 evtool/apply_gti_tExtension: **WARNING1** Zero rows in BADPIX5 - can't apply GTIs.
 evtool/apply_filter_tEventFile: Creating image.
 evtool/create_from_events_tImage2D_i4: **WARNING1** 126981 out of 200476 possible events fall outside the image bounds.
 evtool/evtool_main: Create outfile.
 evtool/evtool_main: Writing outfile.
 evtool/evtool_main: Close outfile
 evtool/evtool_main:       2.36 s CPU run time.
 evtool: DONE
 evtool: 2.29.2.3 eSASS4DR1 Feb 16 11:30:24 2024
 evtool/evtool_main: memset==.false., so memory setting for large files is used.
 evtool/evtool_main: Merging headers.
 evtool/evtool_main: Update filter settings.
 evtool/evtool_main: Merging extensions.
 evtool/merge_extensions: Merging 1 files.
 evtool/merge_extensions: Infiles will be read 1 extension at a time.
 evtool/evtool_main: Applying filters.
 evtool/apply_gti_tExtension: **WARNING1** Zero rows in BADPIX1 - can't apply GTIs.
 evtool/apply_gti_tExtension: **WARNING1** Zero rows in BADPIX3 - can't apply GTIs.
 evtool/apply_gti_tExtension: **WARNING1** Zero rows in BADPIX5 - can't apply GTIs.
 evtool/apply_filter_tEventFile: Creating image.
 evtool/create_from_events_tImage2D_i4: **WARNING1** 85640 out of 141495 possible events fall outside the image bounds.
 evtool/evtool_main: Create outfile.
 evtool/evtool_main: Writing outfile.
 evtool/evtool_main: Close outfile
 evtool/evtool_main:       1.93 s CPU run time.
 evtool: DONE
