 evtool: eSASS4EDR Jan 08 14:41:35 2025
 evtool/evtool_main: memset==.false., so memory setting for large files is used.
 evtool/merge_extensions: Merging 1 files.
 evtool/merge_extensions: Infiles will be read 1 extension at a time.
 evtool/evtool_main: Applying filters.
 evtool/evtool_main: Writing outfile.
 evtool/write_tEventFile: Writing events.
 evtool/write_tEventFile: Writing events-extension extras.
 evtool: DONE
 evtool: eSASS4EDR Jan 08 14:41:35 2025
 evtool/evtool_main: memset==.false., so memory setting for large files is used.
 evtool/merge_extensions: Merging 1 files.
 evtool/merge_extensions: Infiles will be read 1 extension at a time.
 evtool/evtool_main: Applying filters.
 evtool/evtool_main: Writing outfile.
 evtool/write_tEventFile: Writing events.
 evtool/write_tEventFile: Writing events-extension extras.
 evtool: DONE
 evtool: eSASS4EDR Jan 08 14:41:35 2025
 evtool/evtool_main: memset==.false., so memory setting for large files is used.
 evtool/merge_extensions: Merging 1 files.
 evtool/merge_extensions: Infiles will be read 1 extension at a time.
 evtool/evtool_main: Applying filters.
 evtool/evtool_main: Writing outfile.
 evtool/write_tEventFile: Writing events.
 evtool/write_tEventFile: Writing events-extension extras.
 evtool: DONE
 evtool: eSASS4EDR Jan 08 14:41:35 2025
 evtool/evtool_main: memset==.false., so memory setting for large files is used.
 evtool/merge_extensions: Merging 1 files.
 evtool/merge_extensions: Infiles will be read 1 extension at a time.
 evtool/evtool_main: Applying filters.
 evtool/evtool_main: Writing outfile.
 evtool/write_tEventFile: Writing events.
 evtool/write_tEventFile: Writing events-extension extras.
 evtool: DONE
