 evtool: 2.29.2.3 eSASS4DR1 Feb 16 11:30:24 2024
 evtool/evtool_main: memset==.false., so memory setting for large files is used.
 evtool/evtool_main: Merging headers.
 evtool/evtool_main: Update filter settings.
 evtool/evtool_main: Merging extensions.
 evtool/merge_extensions: Merging 1 files.
 evtool/merge_extensions: Infiles will be read 1 extension at a time.
 evtool/evtool_main: Applying filters.
 evtool/apply_gti_tExtension: **WARNING1** Zero rows in BADPIX1 - can't apply GTIs.
 evtool/apply_gti_tExtension: **WARNING1** Zero rows in BADPIX3 - can't apply GTIs.
 evtool/apply_gti_tExtension: **WARNING1** Zero rows in BADPIX5 - can't apply GTIs.
 evtool/evtool_main: Create outfile.
 evtool/evtool_main: Writing outfile.
 evtool/evtool_main: Close outfile
 evtool/evtool_main:       2.46 s CPU run time.
 evtool: DONE
 evtool: 2.29.2.3 eSASS4DR1 Feb 16 11:30:24 2024
 evtool/evtool_main: memset==.false., so memory setting for large files is used.
 evtool/evtool_main: Merging headers.
 evtool/evtool_main: Update filter settings.
 evtool/evtool_main: Merging extensions.
 evtool/merge_extensions: Merging 1 files.
 evtool/merge_extensions: Infiles will be read 1 extension at a time.
 evtool/evtool_main: Applying filters.
 evtool/apply_gti_tExtension: **WARNING1** Zero rows in BADPIX1 - can't apply GTIs.
 evtool/apply_gti_tExtension: **WARNING1** Zero rows in BADPIX3 - can't apply GTIs.
 evtool/apply_gti_tExtension: **WARNING1** Zero rows in BADPIX5 - can't apply GTIs.
 evtool/evtool_main: Create outfile.
 evtool/evtool_main: Writing outfile.
 evtool/evtool_main: Close outfile
 evtool/evtool_main:       2.12 s CPU run time.
 evtool: DONE
 evtool: 2.29.2.3 eSASS4DR1 Feb 16 11:30:24 2024
 evtool/evtool_main: memset==.false., so memory setting for large files is used.
 evtool/evtool_main: Merging headers.
 evtool/evtool_main: Update filter settings.
 evtool/evtool_main: Merging extensions.
 evtool/merge_extensions: Merging 1 files.
 evtool/merge_extensions: Infiles will be read 1 extension at a time.
 evtool/evtool_main: Applying filters.
 evtool/apply_gti_tExtension: **WARNING1** Zero rows in BADPIX1 - can't apply GTIs.
 evtool/apply_gti_tExtension: **WARNING1** Zero rows in BADPIX3 - can't apply GTIs.
 evtool/apply_gti_tExtension: **WARNING1** Zero rows in BADPIX5 - can't apply GTIs.
 evtool/evtool_main: Create outfile.
 evtool/evtool_main: Writing outfile.
 evtool/evtool_main: Close outfile
 evtool/evtool_main:       2.12 s CPU run time.
 evtool: DONE
 evtool: 2.29.2.3 eSASS4DR1 Feb 16 11:30:24 2024
 evtool/evtool_main: memset==.false., so memory setting for large files is used.
 evtool/evtool_main: Merging headers.
 evtool/evtool_main: Update filter settings.
 evtool/evtool_main: Merging extensions.
 evtool/merge_extensions: Merging 1 files.
 evtool/merge_extensions: Infiles will be read 1 extension at a time.
 evtool/evtool_main: Applying filters.
 evtool/apply_gti_tExtension: **WARNING1** Zero rows in BADPIX1 - can't apply GTIs.
 evtool/apply_gti_tExtension: **WARNING1** Zero rows in BADPIX3 - can't apply GTIs.
 evtool/apply_gti_tExtension: **WARNING1** Zero rows in BADPIX5 - can't apply GTIs.
 evtool/evtool_main: Create outfile.
 evtool/evtool_main: Writing outfile.
 evtool/evtool_main: Close outfile
 evtool/evtool_main:       1.65 s CPU run time.
 evtool: DONE
