 evtool: 2.29.2.3 eSASS4DR1 Mar 27 17:17:40 2026
 evtool/evtool_main: memset==.false., so memory setting for large files is used.
 evtool/evtool_main: Merging infiles.
 evtool/evtool_main: Merging headers.
 evtool/evtool_main: Update filter settings.
 evtool/evtool_main: Merging extensions.
 evtool/merge_extensions: Merging 4 files.
 evtool/merge_extensions: Infiles will be read 1 extension at a time.
 evtool/evtool_main: Applying filters.
 evtool/apply_gti_tExtension: **WARNING1** Zero rows in BADPIX1 - can't apply GTIs.
 evtool/apply_gti_tExtension: **WARNING1** Zero rows in BADPIX3 - can't apply GTIs.
 evtool/apply_gti_tExtension: **WARNING1** Zero rows in BADPIX5 - can't apply GTIs.
 evtool/evtool_main: Create outfile.
 evtool/evtool_main: Writing outfile.
 evtool/evtool_main: Close outfile
 evtool/evtool_main:       1.00 s CPU run time.
 evtool: DONE
 radec2xy: 1.8.1 eSASS4DR1 Mar 27 17:17:38 2026
 radec2xy/radec2xy:       395402  table rows processed
 radec2xy: DONE
